SF:lib\features\auth\domain\models\user_role.dart
DA:11,0
DA:13,0
DA:15,0
DA:17,0
DA:26,0
DA:29,0
DA:30,0
DA:32,0
DA:34,0
DA:36,0
LF:10
LH:0
end_of_record
SF:lib\features\orders\domain\models\order.dart
DA:18,1
DA:19,2
DA:20,2
DA:29,7
DA:41,0
DA:47,0
DA:48,0
DA:49,0
DA:50,0
DA:51,0
DA:55,1
DA:56,1
DA:57,1
DA:58,1
DA:59,1
DA:60,1
DA:64,1
DA:65,1
DA:66,1
DA:67,1
DA:68,1
DA:69,2
DA:73,1
DA:76,1
DA:77,3
DA:78,3
DA:79,3
DA:80,3
DA:81,3
DA:84,0
DA:85,0
DA:90,7
DA:126,3
DA:144,3
DA:145,3
DA:146,3
DA:147,3
DA:148,3
DA:149,3
DA:150,3
DA:151,3
DA:152,2
DA:153,2
DA:154,3
DA:155,3
DA:156,3
DA:157,3
DA:158,3
DA:159,3
DA:160,3
DA:164,1
DA:165,1
DA:166,1
DA:167,1
DA:168,1
DA:169,1
DA:170,1
DA:171,1
DA:172,5
DA:173,2
DA:174,2
DA:175,1
DA:176,1
DA:177,1
DA:178,2
DA:179,1
DA:180,1
DA:181,1
DA:185,1
DA:186,1
DA:187,1
DA:188,1
DA:189,1
DA:190,2
DA:191,2
DA:192,1
DA:193,1
DA:196,1
DA:197,3
DA:198,1
DA:199,2
DA:200,2
DA:201,2
DA:202,2
DA:203,2
DA:204,2
DA:205,2
DA:206,2
DA:207,2
DA:211,1
DA:212,1
DA:213,0
DA:218,0
DA:219,0
DA:220,0
DA:223,0
DA:227,3
DA:230,1
DA:231,3
DA:232,3
DA:233,3
DA:234,3
DA:235,3
DA:236,3
DA:237,3
DA:238,3
DA:239,3
DA:240,3
DA:241,3
DA:242,3
DA:243,3
DA:244,3
DA:245,3
DA:246,3
DA:247,3
DA:250,0
DA:251,0
DA:252,0
DA:253,0
DA:254,0
DA:255,0
DA:256,0
DA:257,0
DA:258,0
DA:259,0
DA:260,0
DA:261,0
DA:262,0
DA:263,0
DA:264,0
DA:265,0
DA:266,0
DA:267,0
LF:133
LH:102
end_of_record
SF:lib\features\payment\domain\models\payment.dart
DA:7,2
DA:9,0
DA:21,6
DA:23,0
DA:25,2
DA:26,2
DA:28,2
DA:29,0
DA:32,4
DA:33,4
DA:38,0
DA:39,0
DA:42,4
DA:43,12
DA:45,0
DA:46,0
DA:55,2
DA:56,8
DA:59,0
DA:61,0
DA:62,0
DA:63,0
DA:65,0
DA:70,0
DA:71,0
DA:72,0
DA:77,5
DA:91,0
DA:98,0
DA:99,0
DA:100,0
DA:101,0
DA:102,0
DA:103,0
DA:107,1
DA:108,1
DA:109,1
DA:110,2
DA:111,1
DA:112,1
DA:113,1
DA:117,1
DA:118,1
DA:119,1
DA:120,1
DA:121,1
DA:122,1
DA:124,1
DA:125,1
DA:126,1
DA:130,2
DA:133,1
DA:134,3
DA:135,3
DA:136,3
DA:137,3
DA:138,3
DA:139,3
DA:142,0
DA:143,0
DA:148,10
DA:168,3
DA:178,3
DA:179,3
DA:180,3
DA:181,3
DA:182,3
DA:183,0
DA:184,3
DA:185,3
DA:186,2
DA:190,2
DA:191,2
DA:192,2
DA:193,2
DA:194,4
DA:195,4
DA:196,2
DA:197,4
DA:198,2
DA:199,4
DA:200,4
DA:204,2
DA:205,2
DA:206,2
DA:207,2
DA:208,2
DA:209,2
DA:210,2
DA:212,4
DA:213,4
DA:214,2
DA:215,4
DA:216,6
DA:220,2
DA:223,2
DA:224,6
DA:225,6
DA:226,6
DA:227,6
DA:228,6
DA:229,6
DA:230,6
DA:231,6
DA:232,6
DA:235,0
DA:236,0
DA:237,0
DA:238,0
DA:239,0
DA:240,0
DA:241,0
DA:242,0
DA:243,0
DA:244,0
LF:115
LH:80
end_of_record
SF:lib\features\branches\domain\models\branch.dart
DA:7,9
DA:21,1
DA:28,1
DA:29,1
DA:30,1
DA:31,1
DA:32,1
DA:33,0
DA:37,1
DA:38,1
DA:39,1
DA:40,1
DA:41,1
DA:42,1
DA:43,1
DA:47,1
DA:48,1
DA:49,1
DA:50,1
DA:51,1
DA:52,1
DA:53,1
DA:57,2
DA:60,1
DA:61,3
DA:62,3
DA:63,3
DA:64,3
DA:65,3
DA:66,3
DA:69,0
DA:70,0
LF:32
LH:29
end_of_record
SF:lib\features\categories\domain\models\category.dart
DA:7,9
DA:21,2
DA:28,2
DA:29,2
DA:30,2
DA:31,1
DA:32,2
DA:33,1
DA:37,1
DA:38,1
DA:39,1
DA:40,1
DA:41,1
DA:42,1
DA:43,1
DA:47,1
DA:48,1
DA:49,1
DA:50,1
DA:51,1
DA:52,1
DA:53,1
DA:57,2
DA:60,1
DA:61,3
DA:62,3
DA:63,3
DA:64,3
DA:65,3
DA:66,3
DA:69,0
DA:70,0
LF:32
LH:30
end_of_record
SF:lib\features\products\domain\models\product.dart
DA:7,3
DA:12,0
DA:13,0
DA:14,0
DA:15,0
DA:19,1
DA:20,1
DA:21,1
DA:22,1
DA:26,1
DA:27,1
DA:28,1
DA:29,1
DA:33,4
DA:36,2
DA:37,6
DA:38,6
DA:39,3
DA:42,2
DA:43,6
DA:48,10
DA:80,2
DA:98,2
DA:99,2
DA:100,2
DA:101,2
DA:102,2
DA:103,0
DA:104,2
DA:105,1
DA:106,1
DA:107,2
DA:108,2
DA:109,2
DA:110,2
DA:111,2
DA:112,2
DA:116,1
DA:117,1
DA:118,1
DA:119,1
DA:120,1
DA:121,1
DA:122,1
DA:123,1
DA:124,1
DA:125,1
DA:126,1
DA:127,1
DA:128,5
DA:129,1
DA:130,1
DA:131,1
DA:135,1
DA:136,1
DA:137,1
DA:138,1
DA:139,1
DA:140,1
DA:141,2
DA:142,1
DA:143,2
DA:144,2
DA:145,1
DA:146,2
DA:147,1
DA:148,3
DA:149,1
DA:150,2
DA:151,1
DA:152,1
DA:154,0
DA:158,2
DA:161,1
DA:162,3
DA:163,3
DA:164,3
DA:165,3
DA:166,3
DA:167,3
DA:168,3
DA:169,3
DA:170,3
DA:171,3
DA:172,3
DA:173,3
DA:174,3
DA:175,3
DA:176,3
DA:179,0
DA:180,0
DA:181,0
DA:182,0
DA:183,0
DA:184,0
DA:185,0
DA:186,0
DA:187,0
DA:188,0
DA:189,0
DA:191,0
DA:192,0
DA:193,0
DA:194,0
DA:195,0
DA:196,0
LF:106
LH:83
end_of_record
SF:lib\core\presentation\widgets\app_formatters.dart
DA:2,6
DA:3,12
LF:2
LH:2
end_of_record
SF:lib\features\admin\presentation\models\admin_chart_segment.dart
DA:4,3
LF:1
LH:1
end_of_record
SF:lib\features\admin\presentation\models\admin_dashboard_analytics.dart
DA:4,3
LF:1
LH:1
end_of_record
SF:lib\features\admin\presentation\models\admin_dashboard_view_data.dart
DA:5,2
LF:1
LH:1
end_of_record
SF:lib\features\admin\presentation\providers\admin_settings_provider.dart
DA:17,0
DA:35,2
DA:51,0
DA:59,0
DA:60,0
DA:61,0
DA:62,0
DA:63,0
DA:64,0
DA:72,0
DA:77,0
DA:78,0
DA:81,0
DA:82,0
DA:83,0
DA:88,0
DA:89,0
DA:90,0
DA:93,0
DA:95,0
DA:96,0
DA:97,0
DA:98,0
DA:99,0
DA:100,0
DA:101,0
DA:102,0
DA:105,0
DA:112,0
DA:117,0
DA:118,0
DA:122,0
DA:124,0
DA:126,0
DA:127,0
DA:128,0
DA:133,0
DA:136,0
DA:137,0
DA:138,0
DA:141,0
DA:142,0
DA:143,0
DA:147,0
DA:150,0
DA:151,0
DA:155,0
DA:159,0
DA:162,0
DA:163,0
DA:164,0
DA:167,0
DA:170,0
DA:176,0
DA:177,0
DA:181,0
DA:182,0
DA:183,0
DA:185,0
DA:186,0
DA:189,0
DA:192,0
DA:197,0
DA:198,0
DA:199,0
DA:200,0
DA:204,0
DA:209,0
DA:212,0
DA:213,0
DA:214,0
DA:218,0
DA:221,0
DA:228,0
DA:229,0
DA:230,0
DA:234,0
DA:236,0
DA:239,0
DA:240,0
DA:244,0
DA:247,0
DA:248,0
DA:249,0
DA:250,0
DA:253,0
DA:254,0
DA:255,0
DA:258,0
DA:259,0
DA:260,0
DA:261,0
DA:265,0
DA:267,0
DA:272,0
DA:275,0
DA:278,0
DA:283,0
DA:284,0
DA:288,0
DA:289,0
DA:290,0
DA:292,0
DA:295,0
DA:298,0
DA:299,0
DA:300,0
DA:303,0
DA:304,0
DA:305,0
DA:308,0
DA:313,0
DA:314,0
DA:315,0
DA:316,0
DA:319,0
DA:322,0
DA:323,0
DA:324,0
DA:325,0
DA:328,0
DA:329,0
DA:330,0
DA:331,0
DA:334,0
DA:335,0
DA:336,0
DA:337,0
DA:341,0
DA:343,0
DA:344,0
DA:345,0
DA:346,0
DA:349,0
DA:350,0
DA:351,0
DA:357,0
DA:358,0
DA:359,0
DA:360,0
DA:361,0
DA:362,0
DA:363,0
DA:367,0
DA:368,0
DA:369,0
DA:370,0
DA:371,0
DA:372,0
DA:373,0
DA:377,0
DA:378,0
DA:379,0
DA:380,0
DA:381,0
DA:382,0
DA:384,0
DA:385,0
DA:386,0
DA:390,0
DA:391,0
DA:392,0
DA:393,0
DA:394,0
DA:395,0
DA:396,0
DA:401,0
DA:402,0
LF:168
LH:1
end_of_record
SF:lib\features\admin\presentation\painters\admin_donut_chart_painter.dart
DA:8,2
DA:12,2
DA:14,10
DA:15,2
DA:16,10
DA:17,6
DA:21,2
DA:22,2
DA:23,2
DA:24,2
DA:25,4
DA:27,2
DA:31,4
DA:32,4
DA:33,8
DA:34,2
DA:35,4
DA:36,2
DA:37,2
DA:38,2
DA:39,2
DA:40,2
DA:44,0
DA:46,0
LF:24
LH:22
end_of_record
SF:lib\features\admin\presentation\painters\admin_line_chart_painter.dart
DA:4,2
DA:14,2
DA:16,4
DA:20,8
DA:21,2
DA:22,8
DA:23,4
DA:24,2
DA:25,6
DA:26,0
DA:27,12
DA:28,12
DA:29,4
DA:32,2
DA:33,4
DA:34,2
DA:35,2
DA:36,2
DA:37,2
DA:39,2
DA:40,4
DA:41,2
DA:43,10
DA:44,4
DA:45,6
DA:47,8
DA:48,2
DA:50,12
DA:51,6
DA:52,10
DA:55,2
DA:56,2
DA:58,6
DA:59,4
DA:60,2
DA:64,0
DA:66,0
DA:67,0
DA:68,0
LF:39
LH:34
end_of_record
SF:lib\core\data\datasources\commerce_api_data_source.dart
DA:11,2
DA:16,0
DA:18,0
DA:22,0
DA:23,0
DA:29,0
DA:30,0
DA:38,0
DA:43,0
DA:44,0
DA:47,0
DA:48,0
DA:54,0
DA:56,0
DA:61,0
DA:67,0
DA:70,0
DA:75,0
DA:81,0
DA:84,0
DA:89,0
DA:95,0
DA:98,0
DA:103,0
DA:109,0
DA:112,0
DA:116,0
DA:119,0
DA:124,0
DA:125,0
DA:129,0
DA:130,0
DA:131,0
DA:132,0
DA:133,0
DA:135,0
DA:136,0
DA:139,0
DA:143,0
DA:144,0
DA:145,0
DA:148,0
DA:149,0
DA:150,0
DA:151,0
DA:155,0
DA:156,0
DA:157,0
DA:161,0
DA:164,0
DA:171,0
DA:172,0
DA:176,0
DA:177,0
DA:183,0
DA:185,0
DA:186,0
DA:187,0
DA:188,0
DA:195,0
DA:202,0
DA:203,0
DA:204,0
DA:208,0
DA:212,0
DA:214,0
DA:215,0
DA:216,0
DA:217,0
DA:220,0
DA:222,0
DA:223,0
DA:226,0
DA:228,0
DA:229,0
DA:231,0
DA:234,0
DA:236,0
DA:238,0
DA:239,0
DA:249,0
DA:251,0
DA:252,0
DA:254,0
DA:255,0
DA:256,0
DA:257,0
DA:260,0
DA:261,0
DA:262,0
DA:266,0
DA:268,0
DA:269,0
DA:271,0
DA:272,0
DA:275,0
DA:278,0
DA:280,0
DA:286,0
DA:287,0
DA:288,0
DA:292,0
DA:293,0
DA:294,0
DA:297,0
DA:298,0
DA:299,0
DA:300,0
DA:301,0
DA:309,0
DA:310,0
DA:314,0
DA:315,0
DA:316,0
DA:317,0
DA:328,0
DA:329,0
DA:330,0
DA:331,0
DA:332,0
DA:344,0
DA:345,0
DA:351,0
DA:354,0
DA:355,0
DA:359,0
DA:360,0
LF:127
LH:1
end_of_record
SF:lib\core\data\providers.dart
DA:28,0
DA:29,0
DA:30,0
DA:33,0
DA:34,0
DA:37,0
DA:38,0
DA:41,5
DA:47,5
DA:48,5
DA:51,0
DA:52,0
DA:53,0
DA:54,0
DA:55,0
DA:60,5
DA:62,5
DA:63,10
DA:66,18
DA:67,10
DA:70,0
DA:71,0
DA:72,0
DA:76,0
DA:77,0
DA:78,0
DA:79,0
DA:83,0
DA:84,0
DA:87,0
DA:88,0
DA:91,0
DA:92,0
DA:95,0
DA:96,0
DA:99,0
DA:100,0
DA:103,0
DA:105,0
DA:106,0
DA:107,0
DA:109,0
DA:112,0
DA:113,0
DA:114,0
DA:115,0
DA:117,0
DA:120,0
DA:121,0
DA:122,0
DA:123,0
DA:125,0
DA:128,0
DA:129,0
DA:130,0
DA:131,0
DA:133,0
DA:136,0
DA:137,0
DA:138,0
DA:139,0
DA:141,0
LF:62
LH:8
end_of_record
SF:lib\features\auth\presentation\providers\auth_provider.dart
DA:22,2
DA:28,4
DA:34,0
DA:35,0
DA:36,0
DA:37,0
DA:45,0
DA:51,0
DA:52,0
DA:54,0
DA:56,0
DA:57,0
DA:60,0
DA:62,0
DA:63,0
DA:65,0
DA:66,0
DA:71,0
DA:76,0
DA:77,0
DA:80,0
DA:81,0
DA:82,0
DA:85,0
DA:86,0
DA:87,0
DA:90,0
DA:91,0
DA:96,0
DA:98,0
DA:99,0
DA:100,0
DA:102,0
DA:108,0
DA:110,0
DA:111,0
DA:118,0
DA:119,0
DA:120,0
DA:125,0
DA:126,0
DA:127,0
DA:128,0
DA:130,0
DA:131,0
DA:133,0
DA:138,0
DA:139,0
DA:140,0
DA:143,0
DA:144,0
DA:153,0
DA:155,0
DA:160,0
DA:161,0
DA:162,0
DA:164,0
DA:165,0
DA:167,0
DA:172,0
DA:173,0
DA:174,0
DA:177,0
DA:185,0
DA:186,0
DA:187,0
DA:190,0
DA:191,0
DA:198,0
DA:199,0
DA:207,0
DA:208,0
DA:217,0
DA:219,0
DA:220,0
DA:221,0
DA:222,0
DA:223,0
DA:224,0
DA:225,0
DA:228,0
DA:229,0
DA:230,0
DA:232,0
DA:233,0
DA:235,0
DA:240,0
DA:241,0
DA:243,0
DA:244,0
DA:248,0
DA:250,0
DA:253,0
DA:256,0
DA:261,0
DA:262,0
DA:263,0
DA:265,0
DA:266,0
DA:268,0
DA:269,0
DA:271,0
DA:272,0
DA:276,0
DA:278,0
DA:286,0
DA:287,0
DA:288,0
DA:290,0
DA:295,0
DA:296,0
DA:297,0
DA:298,0
DA:299,0
DA:303,0
DA:309,0
DA:310,0
DA:311,0
DA:312,0
DA:313,0
DA:314,0
DA:315,0
DA:316,0
DA:321,0
DA:326,0
DA:327,0
DA:328,0
DA:330,0
DA:331,0
DA:332,0
DA:333,0
DA:334,0
DA:339,0
DA:340,0
DA:341,0
DA:342,0
DA:344,0
DA:345,0
DA:349,0
DA:350,0
DA:351,0
DA:352,0
DA:353,0
DA:354,0
DA:355,0
DA:359,0
DA:360,0
DA:361,0
DA:362,0
DA:363,0
DA:364,0
DA:368,0
DA:370,0
DA:372,0
DA:377,0
DA:379,0
DA:380,0
DA:381,0
DA:386,0
DA:387,0
LF:160
LH:2
end_of_record
SF:lib\features\admin\presentation\screens\admin_dashboard_screen.dart
DA:15,1
DA:140,1
DA:143,1
DA:144,5
DA:145,1
DA:147,1
DA:148,1
DA:149,2
DA:150,1
DA:152,1
DA:154,1
DA:157,1
DA:159,1
DA:161,1
DA:163,1
DA:165,1
DA:168,1
DA:170,1
DA:173,1
DA:175,0
DA:181,1
DA:183,1
DA:184,1
DA:185,1
DA:186,1
DA:187,1
DA:188,1
DA:189,1
DA:190,1
DA:191,1
DA:192,1
DA:193,1
DA:194,1
DA:195,1
DA:196,1
DA:197,1
DA:198,1
DA:199,1
DA:200,1
LF:39
LH:38
end_of_record
SF:lib\features\admin\presentation\services\admin_dashboard_analytics_service.dart
DA:12,2
DA:14,3
DA:20,3
DA:22,9
DA:24,9
DA:26,15
DA:27,3
DA:29,3
DA:30,3
DA:31,3
DA:33,6
DA:35,3
DA:37,3
DA:39,3
DA:40,3
DA:42,3
DA:43,3
DA:53,3
DA:68,3
DA:69,3
DA:70,3
DA:71,18
DA:74,3
DA:75,3
DA:77,3
DA:81,3
DA:83,3
DA:87,3
DA:89,3
DA:93,3
DA:95,3
DA:99,15
DA:102,3
DA:106,3
DA:107,5
DA:108,4
DA:109,6
DA:112,6
DA:113,11
DA:114,3
DA:116,6
DA:119,8
DA:120,6
DA:121,2
DA:122,4
DA:123,2
DA:127,3
DA:130,3
DA:134,3
DA:135,6
DA:136,6
DA:138,6
DA:139,6
DA:140,9
DA:143,6
DA:144,15
DA:145,3
DA:147,9
DA:151,12
DA:152,3
DA:153,3
DA:154,6
DA:155,6
DA:156,3
DA:158,9
DA:161,3
DA:164,3
DA:165,3
DA:166,6
DA:167,3
DA:168,3
DA:169,3
DA:170,3
DA:171,9
DA:173,6
DA:174,3
DA:175,6
DA:176,6
DA:177,6
DA:179,3
DA:181,3
DA:185,2
DA:186,4
DA:187,4
DA:188,2
DA:194,3
DA:195,6
DA:196,6
DA:197,3
LF:89
LH:89
end_of_record
SF:lib\features\admin\presentation\services\admin_dashboard_formatters.dart
DA:1,2
DA:2,6
DA:5,2
DA:6,2
DA:9,2
LF:5
LH:5
end_of_record
SF:lib\features\admin\presentation\services\admin_dashboard_view_data_service.dart
DA:12,2
DA:18,2
DA:26,10
DA:27,2
DA:30,2
DA:31,2
DA:33,2
DA:34,2
DA:36,2
DA:37,2
DA:39,2
DA:44,4
LF:12
LH:12
end_of_record
SF:lib\features\admin\presentation\widgets\dashboard\admin_dashboard_analytics_board.dart
DA:10,2
DA:29,2
DA:32,2
DA:33,2
DA:34,4
DA:36,2
DA:37,2
DA:39,2
DA:40,2
DA:41,2
DA:51,10
DA:55,2
DA:57,6
DA:60,2
DA:61,2
DA:62,2
DA:63,2
DA:65,6
DA:68,2
DA:69,2
DA:71,6
DA:74,2
DA:75,2
DA:77,6
DA:86,2
DA:87,2
DA:89,2
DA:90,2
DA:91,2
DA:101,2
DA:102,10
DA:107,2
DA:109,2
DA:110,2
DA:111,4
DA:112,6
DA:118,4
DA:119,2
DA:120,2
DA:121,4
DA:122,4
DA:123,2
DA:129,2
DA:130,2
DA:132,2
DA:133,2
DA:134,2
DA:144,2
DA:145,10
DA:150,6
DA:151,0
DA:154,4
DA:155,2
DA:160,2
DA:161,2
DA:163,2
DA:169,6
DA:170,6
DA:171,6
DA:172,2
DA:174,4
DA:176,2
DA:178,4
DA:180,2
DA:182,4
DA:189,1
DA:191,1
DA:192,1
DA:194,1
DA:195,1
DA:196,1
DA:209,2
DA:210,2
LF:73
LH:72
end_of_record
SF:lib\features\admin\presentation\widgets\dashboard\admin_dashboard_chart_widgets.dart
DA:9,2
DA:13,2
DA:15,2
DA:16,2
DA:17,2
DA:27,2
DA:38,2
DA:40,2
DA:43,2
DA:45,2
DA:46,2
DA:47,4
DA:50,2
DA:52,2
DA:53,2
DA:54,2
DA:60,2
DA:61,2
DA:73,2
DA:77,2
DA:79,2
DA:81,2
DA:83,2
DA:84,2
DA:85,2
DA:86,2
DA:87,2
DA:88,4
DA:92,2
DA:93,6
DA:99,2
DA:100,2
DA:101,2
DA:103,4
DA:105,6
LF:35
LH:35
end_of_record
SF:lib\features\admin\presentation\widgets\dashboard\dashboard_common_widgets.dart
DA:5,2
DA:9,2
DA:11,2
DA:13,2
DA:15,2
DA:16,2
DA:25,2
DA:32,2
DA:36,0
DA:38,0
DA:40,0
DA:47,2
DA:56,2
DA:58,2
DA:60,2
DA:61,2
DA:62,2
DA:63,2
DA:64,2
DA:71,10
DA:80,2
DA:89,2
DA:91,2
DA:93,2
DA:94,2
DA:95,2
DA:99,10
DA:107,2
DA:120,2
DA:122,2
DA:124,2
DA:125,2
DA:126,2
DA:129,4
DA:132,6
DA:133,4
DA:135,4
DA:144,1
DA:155,1
DA:157,1
DA:159,1
DA:160,1
DA:161,2
DA:162,2
LF:44
LH:41
end_of_record
SF:lib\features\admin\presentation\widgets\dashboard\admin_dashboard_body.dart
DA:15,2
DA:58,2
DA:60,4
DA:61,2
DA:62,2
DA:63,2
DA:64,2
DA:65,2
DA:67,4
DA:68,0
DA:71,2
DA:79,2
DA:80,2
DA:82,4
DA:84,2
DA:86,4
DA:88,2
DA:89,2
DA:91,2
DA:93,2
DA:95,2
DA:96,2
DA:97,4
DA:98,4
DA:99,4
DA:100,4
DA:101,4
DA:102,4
DA:103,4
DA:104,2
DA:109,2
DA:110,2
DA:111,4
DA:112,4
DA:113,4
DA:114,4
DA:115,4
DA:116,4
DA:121,1
DA:122,1
DA:123,1
DA:124,1
DA:125,1
DA:126,1
DA:127,1
DA:128,1
DA:129,1
DA:130,1
DA:131,1
DA:132,1
DA:133,1
DA:134,1
DA:135,1
DA:136,1
DA:137,1
DA:141,2
DA:142,2
DA:143,2
DA:144,2
DA:145,2
DA:146,2
DA:147,2
DA:148,2
DA:149,2
DA:150,2
DA:151,2
DA:152,2
DA:153,2
DA:154,2
DA:155,2
DA:156,2
DA:157,2
LF:72
LH:71
end_of_record
SF:lib\features\admin\presentation\widgets\dashboard\admin_dashboard_content_layouts.dart
DA:13,1
DA:53,1
DA:56,1
DA:58,1
DA:59,1
DA:60,1
DA:61,1
DA:62,1
DA:63,1
DA:64,2
DA:65,3
DA:66,2
DA:67,2
DA:68,1
DA:69,1
DA:72,1
DA:73,1
DA:74,1
DA:75,1
DA:76,1
DA:77,1
DA:78,1
DA:79,1
DA:80,2
DA:81,2
DA:82,2
DA:83,1
DA:84,1
DA:85,1
DA:86,1
DA:87,1
DA:88,1
DA:89,1
DA:98,2
DA:138,1
DA:141,1
DA:143,1
DA:144,1
DA:145,1
DA:146,1
DA:147,1
DA:148,1
DA:149,2
DA:150,3
DA:151,2
DA:152,2
DA:153,1
DA:154,1
DA:157,1
DA:158,1
DA:159,1
DA:160,1
DA:161,1
DA:162,1
DA:163,1
DA:164,2
DA:165,2
DA:166,2
DA:167,1
DA:168,1
DA:169,1
DA:170,1
DA:171,1
DA:172,1
DA:173,1
LF:65
LH:65
end_of_record
SF:lib\features\admin\presentation\widgets\dashboard\admin_dashboard_hero_card.dart
DA:4,2
DA:31,2
DA:33,2
DA:35,2
DA:39,2
DA:48,2
DA:50,2
DA:51,2
DA:52,2
DA:53,2
DA:54,2
DA:56,2
DA:63,2
DA:64,4
DA:84,2
DA:89,2
DA:90,2
DA:91,2
DA:104,2
DA:107,2
DA:108,6
DA:109,6
DA:110,6
DA:111,6
DA:112,6
DA:113,6
DA:114,6
DA:118,2
DA:121,2
DA:122,2
DA:123,4
DA:128,2
DA:129,2
DA:130,2
DA:132,2
DA:141,2
DA:150,2
DA:155,2
DA:157,2
DA:159,2
DA:160,2
DA:161,2
DA:163,2
DA:165,2
DA:166,2
DA:167,2
DA:171,2
DA:172,2
LF:48
LH:48
end_of_record
SF:lib\features\admin\presentation\widgets\dashboard\admin_dashboard_quick_rail.dart
DA:6,1
DA:31,1
DA:33,1
DA:35,1
DA:37,1
DA:39,1
DA:40,1
DA:42,1
DA:48,1
DA:51,1
DA:54,1
DA:57,1
DA:60,1
DA:63,1
DA:66,1
DA:69,1
DA:76,1
DA:77,1
DA:79,1
DA:85,3
DA:86,1
DA:88,2
DA:90,3
DA:91,3
DA:97,1
DA:98,1
DA:100,1
DA:106,1
DA:107,1
DA:109,1
DA:115,1
DA:117,1
DA:119,1
DA:128,1
DA:131,0
DA:132,0
DA:134,0
DA:140,0
DA:141,0
DA:142,0
DA:145,0
LF:41
LH:34
end_of_record
SF:lib\features\admin\presentation\widgets\dashboard\admin_dashboard_sections_column.dart
DA:13,1
DA:50,1
DA:53,1
DA:54,5
DA:55,1
DA:57,1
DA:59,1
DA:60,2
DA:61,1
DA:63,1
DA:64,2
DA:66,3
DA:72,1
DA:74,1
DA:75,2
DA:77,0
DA:81,1
DA:82,1
DA:84,1
DA:85,2
DA:87,3
DA:91,1
DA:92,1
DA:94,1
DA:95,2
DA:97,6
DA:101,1
DA:102,1
DA:104,1
DA:109,1
DA:110,1
DA:112,1
DA:113,1
DA:114,6
DA:120,1
DA:121,1
DA:123,1
DA:124,2
DA:126,3
DA:130,4
DA:132,0
DA:134,0
DA:136,0
DA:147,1
DA:164,1
DA:167,1
DA:168,1
DA:170,1
DA:172,2
DA:173,3
DA:175,1
DA:176,1
DA:177,1
DA:178,1
DA:179,1
DA:180,3
DA:183,1
DA:184,1
DA:185,1
DA:186,1
DA:187,1
DA:189,2
LF:62
LH:58
end_of_record
SF:lib\features\admin\presentation\widgets\dashboard\dashboard_badge_widgets.dart
DA:6,1
DA:19,1
DA:21,1
DA:22,1
DA:23,1
DA:24,3
DA:30,2
DA:39,2
DA:41,2
DA:43,2
DA:44,4
DA:45,4
DA:46,2
DA:49,2
DA:52,2
DA:54,2
DA:56,2
DA:57,4
LF:18
LH:18
end_of_record
SF:lib\features\auth\domain\models\auth_session.dart
DA:9,0
DA:26,0
DA:28,0
LF:3
LH:0
end_of_record
SF:lib\core\data\datasources\preferences_data_source.dart
DA:6,0
DA:15,0
DA:17,0
DA:18,0
DA:21,0
DA:23,0
DA:25,0
DA:27,0
DA:28,0
DA:31,0
DA:32,0
DA:33,0
LF:12
LH:0
end_of_record
SF:lib\core\data\datasources\asset_commerce_data_source.dart
DA:14,2
DA:16,0
DA:18,0
DA:21,0
DA:23,0
DA:26,0
DA:28,0
DA:31,0
DA:33,0
DA:36,0
DA:38,0
DA:41,0
DA:46,0
DA:47,0
DA:49,0
DA:50,0
LF:16
LH:1
end_of_record
SF:lib\core\data\dtos\branch_dto.dart
DA:7,0
DA:21,0
DA:22,0
DA:23,0
DA:24,0
DA:25,0
DA:26,0
DA:27,0
DA:31,0
DA:32,0
DA:33,0
DA:34,0
DA:35,0
DA:36,0
DA:37,0
DA:41,0
DA:42,0
DA:43,0
DA:44,0
DA:45,0
DA:46,0
DA:47,0
DA:51,0
DA:52,0
DA:53,0
DA:54,0
DA:55,0
DA:56,0
DA:57,0
LF:29
LH:0
end_of_record
SF:lib\core\data\dtos\category_dto.dart
DA:7,0
DA:21,0
DA:22,0
DA:23,0
DA:24,0
DA:25,0
DA:26,0
DA:27,0
DA:31,0
DA:32,0
DA:33,0
DA:34,0
DA:35,0
DA:36,0
DA:37,0
DA:41,0
DA:42,0
DA:43,0
DA:44,0
DA:45,0
DA:46,0
DA:47,0
DA:51,0
DA:52,0
DA:53,0
DA:54,0
DA:55,0
DA:56,0
DA:57,0
LF:29
LH:0
end_of_record
SF:lib\core\data\dtos\order_dto.dart
DA:7,0
DA:8,0
DA:9,0
DA:17,0
DA:29,0
DA:30,0
DA:31,0
DA:32,0
DA:33,0
DA:34,0
DA:38,0
DA:39,0
DA:40,0
DA:41,0
DA:42,0
DA:43,0
DA:47,0
DA:48,0
DA:49,0
DA:50,0
DA:51,0
DA:52,0
DA:56,0
DA:57,0
DA:58,0
DA:59,0
DA:60,0
DA:61,0
DA:67,0
DA:103,0
DA:104,0
DA:105,0
DA:106,0
DA:107,0
DA:108,0
DA:109,0
DA:110,0
DA:111,0
DA:114,0
DA:115,0
DA:116,0
DA:117,0
DA:118,0
DA:119,0
DA:120,0
DA:121,0
DA:122,0
DA:123,0
DA:124,0
DA:125,0
DA:129,0
DA:130,0
DA:131,0
DA:132,0
DA:133,0
DA:134,0
DA:135,0
DA:136,0
DA:137,0
DA:138,0
DA:139,0
DA:140,0
DA:141,0
DA:142,0
DA:143,0
DA:144,0
DA:145,0
DA:146,0
DA:150,0
DA:151,0
DA:152,0
DA:153,0
DA:154,0
DA:155,0
DA:156,0
DA:157,0
DA:158,0
DA:159,0
DA:160,0
DA:161,0
DA:162,0
DA:163,0
DA:164,0
DA:168,0
DA:169,0
DA:170,0
DA:171,0
DA:172,0
DA:173,0
DA:174,0
DA:175,0
DA:176,0
DA:177,0
DA:178,0
DA:179,0
DA:180,0
DA:181,0
DA:182,0
DA:183,0
DA:184,0
DA:185,0
DA:189,0
DA:190,0
DA:191,0
LF:104
LH:0
end_of_record
SF:lib\core\data\dtos\payment_dto.dart
DA:6,0
DA:7,0
DA:11,0
DA:25,0
DA:26,0
DA:27,0
DA:28,0
DA:29,0
DA:30,0
DA:32,0
DA:33,0
DA:34,0
DA:38,0
DA:39,0
DA:40,0
DA:41,0
DA:42,0
DA:43,0
DA:44,0
DA:48,0
DA:49,0
DA:50,0
DA:51,0
DA:52,0
DA:53,0
DA:54,0
DA:58,0
DA:59,0
DA:60,0
DA:61,0
DA:62,0
DA:63,0
DA:64,0
DA:70,0
DA:90,0
DA:91,0
DA:92,0
DA:93,0
DA:94,0
DA:95,0
DA:96,0
DA:98,0
DA:99,0
DA:100,0
DA:101,0
DA:102,0
DA:104,0
DA:108,0
DA:109,0
DA:110,0
DA:111,0
DA:112,0
DA:113,0
DA:114,0
DA:115,0
DA:116,0
DA:117,0
DA:118,0
DA:122,0
DA:123,0
DA:124,0
DA:125,0
DA:126,0
DA:127,0
DA:128,0
DA:129,0
DA:130,0
DA:131,0
DA:135,0
DA:136,0
DA:137,0
DA:138,0
DA:139,0
DA:140,0
DA:141,0
DA:142,0
DA:143,0
DA:144,0
LF:78
LH:0
end_of_record
SF:lib\core\data\dtos\product_dto.dart
DA:6,0
DA:38,0
DA:39,0
DA:40,0
DA:41,0
DA:42,0
DA:43,0
DA:44,0
DA:45,0
DA:46,0
DA:47,0
DA:48,0
DA:49,0
DA:50,0
DA:51,0
DA:52,0
DA:53,0
DA:54,0
DA:55,0
DA:57,0
DA:61,0
DA:62,0
DA:63,0
DA:64,0
DA:65,0
DA:66,0
DA:67,0
DA:68,0
DA:69,0
DA:70,0
DA:71,0
DA:72,0
DA:73,0
DA:74,0
DA:75,0
DA:76,0
DA:80,0
DA:81,0
DA:82,0
DA:83,0
DA:84,0
DA:85,0
DA:86,0
DA:87,0
DA:88,0
DA:89,0
DA:90,0
DA:91,0
DA:92,0
DA:93,0
DA:94,0
DA:95,0
DA:99,0
DA:100,0
DA:101,0
DA:102,0
DA:103,0
DA:104,0
DA:105,0
DA:106,0
DA:107,0
DA:108,0
DA:109,0
DA:110,0
DA:111,0
DA:112,0
DA:113,0
DA:114,0
LF:68
LH:0
end_of_record
SF:lib\core\data\repositories\asset_branch_repository.dart
DA:9,0
DA:14,0
DA:16,0
DA:17,0
DA:20,0
DA:22,0
DA:23,0
DA:24,0
DA:25,0
DA:28,0
DA:30,0
DA:31,0
DA:34,0
LF:13
LH:0
end_of_record
SF:lib\core\data\repositories\asset_category_repository.dart
DA:9,0
DA:14,0
DA:16,0
DA:17,0
DA:20,0
DA:22,0
DA:23,0
DA:24,0
DA:25,0
DA:28,0
DA:30,0
DA:31,0
DA:34,0
DA:36,0
DA:37,0
DA:40,0
DA:42,0
DA:43,0
DA:44,0
DA:46,0
DA:47,0
DA:49,0
DA:51,0
LF:23
LH:0
end_of_record
SF:lib\core\data\repositories\asset_order_repository.dart
DA:11,0
DA:16,0
DA:18,0
DA:19,0
DA:22,0
DA:25,0
DA:26,0
DA:27,0
DA:28,0
DA:29,0
DA:30,0
DA:33,0
DA:35,0
DA:36,0
DA:37,0
DA:38,0
DA:40,0
DA:43,0
DA:48,0
DA:49,0
DA:51,0
DA:52,0
DA:53,0
DA:55,0
DA:56,0
DA:57,0
DA:59,0
DA:60,0
DA:61,0
DA:62,0
DA:63,0
DA:65,0
DA:66,0
DA:68,0
DA:69,0
DA:70,0
DA:71,0
DA:72,0
DA:73,0
DA:75,0
DA:76,0
DA:77,0
DA:78,0
DA:79,0
DA:81,0
DA:82,0
DA:85,0
DA:91,0
DA:92,0
DA:93,0
DA:94,0
DA:95,0
DA:96,0
DA:97,0
DA:98,0
DA:99,0
DA:100,0
DA:101,0
DA:102,0
DA:103,0
DA:104,0
DA:106,0
DA:107,0
DA:108,0
DA:110,0
DA:111,0
DA:112,0
DA:113,0
DA:115,0
DA:116,0
LF:70
LH:0
end_of_record
SF:lib\core\data\repositories\asset_payment_repository.dart
DA:9,0
DA:15,0
DA:17,0
DA:18,0
DA:21,0
DA:23,0
DA:24,0
DA:25,0
DA:26,0
DA:29,0
DA:32,0
DA:33,0
DA:36,0
DA:41,0
DA:42,0
DA:43,0
DA:44,0
DA:45,0
DA:46,0
DA:47,0
DA:50,0
DA:51,0
DA:54,0
DA:60,0
DA:61,0
DA:62,0
DA:64,0
DA:69,0
DA:70,0
DA:72,0
DA:73,0
DA:76,0
DA:77,0
DA:78,0
DA:79,0
DA:80,0
DA:81,0
DA:84,0
DA:85,0
DA:87,0
DA:88,0
LF:41
LH:0
end_of_record
SF:lib\core\data\repositories\asset_product_repository.dart
DA:9,0
DA:14,0
DA:16,0
DA:17,0
DA:20,0
DA:22,0
DA:23,0
DA:24,0
DA:27,0
DA:29,0
DA:30,0
DA:31,0
DA:32,0
DA:35,0
DA:41,0
DA:42,0
DA:43,0
DA:46,0
DA:48,0
DA:49,0
DA:50,0
DA:53,0
DA:55,0
DA:56,0
DA:59,0
DA:65,0
DA:66,0
DA:69,0
DA:70,0
DA:71,0
DA:73,0
DA:74,0
DA:75,0
DA:76,0
DA:77,0
DA:80,0
DA:82,0
DA:83,0
DA:84,0
DA:85,0
DA:86,0
DA:88,0
DA:90,0
DA:96,0
DA:112,0
DA:113,0
DA:114,0
DA:115,0
DA:116,0
DA:117,0
DA:118,0
DA:119,0
DA:120,0
DA:121,0
DA:122,0
DA:123,0
DA:124,0
DA:125,0
DA:126,0
LF:59
LH:0
end_of_record
SF:lib\core\data\repositories\remote_branch_repository.dart
DA:10,0
DA:14,0
DA:16,0
DA:18,0
DA:20,0
DA:23,0
DA:25,0
DA:27,0
DA:28,0
DA:29,0
DA:32,0
DA:39,0
DA:40,0
DA:41,0
LF:14
LH:0
end_of_record
SF:lib\core\data\repositories\remote_category_repository.dart
DA:10,0
DA:14,0
DA:16,0
DA:18,0
DA:20,0
DA:23,0
DA:25,0
DA:28,0
DA:30,0
DA:32,0
DA:33,0
DA:34,0
DA:37,0
DA:40,0
DA:41,0
DA:42,0
DA:44,0
LF:17
LH:0
end_of_record
SF:lib\core\data\repositories\remote_order_repository.dart
DA:11,0
DA:15,0
DA:18,0
DA:20,0
DA:22,0
DA:25,0
DA:28,0
DA:30,0
DA:32,0
DA:35,0
DA:40,0
DA:41,0
DA:42,0
DA:44,0
DA:47,0
DA:53,0
DA:54,0
DA:55,0
DA:57,0
LF:19
LH:0
end_of_record
SF:lib\core\data\repositories\remote_payment_repository.dart
DA:10,0
DA:14,0
DA:16,0
DA:18,0
DA:20,0
DA:23,0
DA:26,0
DA:28,0
DA:29,0
DA:30,0
DA:33,0
DA:38,0
DA:39,0
DA:40,0
DA:42,0
DA:45,0
DA:51,0
DA:52,0
DA:53,0
DA:55,0
LF:20
LH:0
end_of_record
SF:lib\core\data\repositories\remote_product_repository.dart
DA:10,0
DA:14,0
DA:16,0
DA:17,0
DA:20,0
DA:23,0
DA:25,0
DA:27,0
DA:30,0
DA:36,0
DA:37,0
DA:38,0
DA:42,0
DA:44,0
DA:47,0
DA:54,0
DA:56,0
DA:63,0
DA:65,0
DA:66,0
DA:69,0
DA:71,0
DA:72,0
DA:73,0
DA:75,0
LF:25
LH:0
end_of_record
SF:lib\core\presentation\widgets\app_network_image.dart
DA:9,6
DA:22,6
DA:24,6
DA:26,6
DA:27,12
DA:28,5
DA:30,5
DA:31,0
DA:33,5
DA:34,30
DA:35,0
DA:41,5
DA:43,5
DA:44,10
DA:45,5
DA:49,0
DA:53,5
DA:57,8
DA:60,5
DA:61,5
DA:69,5
DA:70,10
LF:22
LH:19
end_of_record
SF:lib\core\presentation\widgets\product_image_gallery.dart
DA:9,5
DA:28,5
DA:30,5
DA:31,14
DA:32,5
DA:33,5
DA:34,4
DA:37,5
DA:40,5
DA:41,3
DA:42,5
DA:43,5
DA:44,5
DA:45,10
DA:46,5
DA:47,5
DA:48,5
DA:51,5
DA:52,5
LF:19
LH:19
end_of_record
SF:lib\features\admin\presentation\screens\add_product_screen.dart
DA:19,2
DA:36,2
DA:37,2
DA:88,1
DA:90,2
DA:91,2
DA:92,2
DA:93,2
DA:94,1
DA:97,2
DA:100,6
DA:101,6
DA:102,4
DA:103,2
DA:105,2
DA:106,2
DA:107,2
DA:116,2
DA:118,2
DA:119,2
DA:121,2
DA:125,2
DA:148,2
DA:150,2
DA:152,2
DA:153,2
DA:155,2
DA:157,2
DA:158,2
DA:161,2
DA:163,2
DA:165,2
DA:167,2
DA:168,2
DA:170,2
DA:176,2
DA:181,2
DA:182,8
DA:184,3
DA:185,6
DA:188,2
DA:189,8
DA:191,3
DA:197,2
DA:198,8
DA:200,4
DA:211,2
DA:213,2
DA:214,3
DA:220,1
DA:230,2
DA:231,2
DA:233,2
DA:234,3
DA:238,2
DA:239,2
DA:241,2
DA:242,3
DA:249,1
DA:259,2
DA:260,2
DA:262,2
DA:264,4
DA:266,2
DA:268,2
DA:269,2
DA:275,2
DA:276,2
DA:278,2
DA:279,2
DA:280,2
DA:282,2
DA:283,0
DA:290,2
DA:292,2
DA:293,4
DA:295,2
DA:302,4
DA:304,2
DA:306,2
DA:308,2
DA:309,0
DA:310,2
DA:311,2
DA:312,2
DA:314,2
DA:315,2
DA:318,2
DA:320,2
DA:324,2
DA:327,2
DA:330,2
DA:332,4
DA:334,0
DA:352,2
DA:353,0
DA:357,2
DA:358,2
DA:360,2
DA:361,4
DA:362,2
DA:363,4
DA:364,2
DA:365,4
DA:368,2
DA:369,1
DA:370,3
DA:373,2
DA:374,2
DA:376,2
DA:378,6
DA:381,2
DA:382,2
DA:385,2
DA:386,2
DA:387,2
DA:388,2
DA:389,4
DA:390,0
DA:391,0
DA:393,0
DA:395,0
DA:402,2
DA:403,2
DA:405,2
DA:407,6
DA:410,2
DA:411,2
DA:414,2
DA:415,2
DA:416,2
DA:417,4
DA:418,2
DA:419,4
DA:422,4
DA:423,0
DA:424,0
DA:426,0
DA:428,0
DA:435,2
DA:436,2
DA:438,2
DA:440,6
DA:443,2
DA:444,2
DA:447,2
DA:448,4
DA:449,2
DA:450,6
DA:451,4
DA:453,2
DA:454,6
DA:459,6
DA:460,1
DA:461,2
DA:463,3
DA:465,0
DA:473,1
DA:483,2
DA:484,2
DA:486,4
DA:487,2
DA:504,1
DA:505,1
DA:509,3
DA:511,4
DA:512,4
DA:513,2
DA:517,4
DA:522,3
DA:524,2
DA:525,1
DA:528,1
DA:529,1
DA:530,1
DA:534,3
DA:536,3
DA:537,1
DA:538,1
DA:540,3
DA:543,1
DA:544,2
DA:545,1
DA:546,2
DA:549,2
DA:550,2
DA:555,0
DA:558,0
DA:564,1
DA:565,3
DA:570,1
DA:573,1
DA:580,0
DA:584,0
DA:589,0
DA:590,0
DA:592,0
DA:593,0
DA:594,0
DA:595,0
DA:598,0
DA:610,0
DA:611,0
DA:612,0
DA:615,0
DA:619,0
DA:622,0
DA:626,0
DA:627,0
DA:628,0
DA:630,0
DA:632,0
DA:635,0
DA:643,0
DA:646,0
DA:647,0
DA:650,0
DA:651,0
DA:656,2
DA:657,2
DA:658,2
DA:659,6
DA:663,6
DA:664,6
DA:665,2
DA:666,2
DA:669,0
DA:670,0
DA:671,0
DA:675,0
DA:676,0
DA:677,0
DA:679,0
DA:683,0
DA:684,0
DA:685,0
DA:686,0
DA:687,0
DA:693,0
DA:694,0
DA:698,0
DA:699,0
DA:703,0
DA:704,0
DA:705,0
DA:706,0
DA:707,0
DA:710,0
DA:713,0
DA:716,0
DA:717,0
DA:721,0
DA:722,0
DA:728,0
DA:730,0
DA:732,0
DA:733,0
DA:734,0
DA:735,0
DA:739,0
DA:740,0
DA:743,0
DA:747,0
DA:748,0
DA:749,0
DA:751,0
DA:752,0
DA:753,0
DA:755,0
DA:756,0
DA:757,0
DA:758,0
DA:759,0
DA:760,0
DA:761,0
DA:765,0
DA:768,0
DA:769,0
DA:770,0
DA:771,0
DA:772,0
DA:775,0
DA:778,0
DA:785,0
DA:788,2
DA:789,2
DA:790,2
DA:791,4
DA:792,2
DA:794,2
DA:795,6
LF:291
LH:192
end_of_record
SF:lib\features\cart\presentation\providers\cart_provider.dart
DA:10,2
DA:15,1
DA:16,1
DA:17,1
DA:18,0
DA:26,2
DA:32,1
DA:41,0
DA:42,0
DA:43,0
DA:44,0
DA:45,0
DA:52,2
DA:54,1
DA:56,8
DA:57,3
DA:59,2
DA:60,2
DA:62,3
DA:63,3
DA:67,1
DA:70,1
DA:71,2
DA:72,1
DA:73,4
DA:74,1
DA:77,4
DA:78,1
DA:79,1
DA:82,1
DA:83,9
DA:86,0
DA:87,0
DA:90,1
DA:92,4
DA:93,1
DA:95,6
DA:97,2
DA:100,1
DA:101,1
DA:102,1
DA:104,0
DA:105,0
DA:106,1
DA:109,0
DA:113,3
DA:114,2
DA:117,1
DA:118,1
LF:49
LH:38
end_of_record
SF:lib\features\cart\presentation\screens\cart_screen.dart
DA:12,1
DA:25,1
DA:27,1
DA:28,1
DA:29,1
DA:38,1
DA:40,1
DA:41,1
DA:42,1
DA:45,1
DA:47,1
DA:49,1
DA:51,1
DA:62,1
DA:63,3
DA:70,1
DA:72,3
DA:74,1
DA:75,3
DA:76,1
DA:77,1
DA:78,3
DA:79,2
DA:80,1
DA:82,1
DA:84,1
DA:85,1
DA:87,1
DA:89,1
DA:90,1
DA:92,1
DA:93,2
DA:94,2
DA:97,1
DA:102,1
DA:104,1
DA:105,1
DA:106,1
DA:108,1
DA:109,6
DA:111,3
DA:112,0
DA:114,0
DA:115,0
DA:119,1
DA:120,3
DA:126,1
DA:127,1
DA:128,1
DA:130,1
DA:133,1
DA:135,1
DA:136,1
DA:138,2
DA:139,0
DA:141,0
DA:146,3
DA:147,1
DA:148,2
DA:150,0
DA:152,0
DA:162,1
DA:163,2
DA:164,0
DA:175,1
DA:178,1
DA:180,1
DA:181,1
DA:183,1
DA:184,1
DA:185,4
DA:192,1
DA:194,1
DA:196,1
DA:197,4
DA:198,3
DA:203,1
DA:205,4
DA:219,1
DA:220,1
DA:221,1
DA:223,0
DA:224,0
DA:225,1
DA:228,0
DA:231,1
DA:232,1
DA:233,1
DA:234,0
DA:236,1
DA:237,0
DA:239,1
DA:243,1
DA:248,1
DA:250,1
DA:252,1
DA:253,2
DA:254,2
LF:98
LH:85
end_of_record
SF:lib\features\categories\presentation\screens\category_screen.dart
DA:10,1
DA:23,1
DA:26,1
DA:28,1
DA:30,1
DA:32,3
DA:33,1
DA:34,1
DA:35,1
DA:36,1
DA:38,1
DA:40,1
DA:41,1
DA:42,1
DA:45,1
DA:47,1
DA:65,1
DA:71,1
DA:73,1
DA:75,1
DA:77,1
DA:78,1
DA:79,1
DA:80,1
DA:81,1
DA:82,1
DA:95,3
DA:96,3
DA:98,1
DA:99,3
DA:100,1
DA:101,4
DA:102,1
DA:104,1
DA:105,1
DA:114,1
DA:115,1
DA:116,1
DA:118,1
DA:119,2
DA:120,1
DA:121,1
DA:122,1
DA:125,1
DA:126,1
DA:127,1
DA:128,1
DA:134,1
DA:136,1
DA:137,1
DA:138,1
DA:139,1
DA:142,1
DA:143,1
DA:144,1
DA:152,1
DA:153,1
DA:162,1
DA:164,1
DA:174,1
DA:191,1
DA:196,1
DA:198,1
DA:200,1
DA:201,1
DA:204,1
DA:206,1
DA:208,2
DA:210,1
DA:211,1
DA:214,1
DA:226,1
DA:231,1
DA:233,1
DA:235,1
DA:236,1
DA:237,1
DA:238,1
DA:243,1
DA:244,1
DA:246,1
DA:247,1
LF:82
LH:82
end_of_record
SF:lib\features\checkout\presentation\screens\checkout_screen.dart
DA:12,1
DA:29,1
DA:31,1
DA:32,1
DA:33,1
DA:34,1
DA:35,1
DA:36,1
DA:37,1
DA:43,1
DA:59,1
DA:60,1
DA:66,1
DA:68,3
DA:69,2
DA:73,0
DA:74,0
DA:75,0
DA:77,0
DA:81,0
DA:84,1
DA:86,1
DA:87,3
DA:90,1
DA:92,3
DA:93,3
DA:96,1
DA:98,1
DA:100,5
DA:101,0
DA:104,1
DA:105,1
DA:106,1
DA:115,1
DA:117,1
DA:118,1
DA:120,1
DA:122,1
DA:124,1
DA:126,1
DA:134,1
DA:136,1
DA:137,1
DA:138,1
DA:140,1
DA:141,1
DA:147,1
DA:148,1
DA:150,1
DA:152,1
DA:153,2
DA:154,4
DA:159,1
DA:160,5
DA:170,1
DA:172,1
DA:174,1
DA:175,1
DA:177,1
DA:179,1
DA:180,4
DA:182,1
DA:183,1
DA:185,1
DA:186,3
DA:187,1
DA:188,1
DA:189,3
DA:192,1
DA:193,4
DA:194,3
DA:195,1
DA:198,1
DA:200,1
DA:202,2
DA:203,0
DA:204,0
DA:206,0
DA:207,0
DA:209,3
DA:211,2
DA:212,1
DA:213,1
DA:214,1
DA:215,0
DA:217,0
DA:227,1
DA:229,1
DA:231,1
DA:232,1
DA:234,1
DA:236,1
DA:237,4
DA:239,4
DA:240,2
DA:242,1
DA:243,1
DA:244,1
DA:247,1
DA:251,1
DA:256,1
DA:257,1
DA:259,1
DA:260,5
DA:262,3
DA:266,5
DA:271,1
DA:272,5
DA:273,1
DA:274,5
DA:275,1
DA:276,1
DA:278,1
DA:280,1
DA:281,4
DA:282,3
DA:290,1
DA:292,1
DA:293,4
DA:294,3
DA:306,1
DA:311,1
DA:313,1
DA:315,5
DA:320,1
DA:321,3
DA:324,3
DA:327,3
LF:128
LH:116
end_of_record
SF:lib\features\orders\presentation\providers\order_provider.dart
DA:11,3
DA:12,0
DA:18,1
DA:30,1
DA:37,1
DA:38,1
DA:39,1
DA:40,1
DA:41,1
DA:48,2
DA:52,1
DA:54,3
DA:55,2
DA:56,3
DA:59,1
DA:61,1
DA:64,1
DA:65,2
DA:67,1
DA:69,3
DA:71,3
DA:78,1
DA:80,2
DA:81,3
DA:82,4
DA:84,2
DA:85,2
DA:87,1
DA:89,3
DA:92,0
DA:97,0
DA:101,0
DA:102,0
DA:104,0
DA:105,0
DA:107,0
DA:109,0
DA:113,3
DA:114,4
LF:39
LH:30
end_of_record
SF:lib\features\payment\presentation\providers\payment_provider.dart
DA:11,3
DA:12,0
DA:18,1
DA:30,1
DA:36,1
DA:37,1
DA:38,1
DA:39,1
DA:40,1
DA:47,2
DA:52,1
DA:54,1
DA:55,0
DA:58,1
DA:59,5
DA:61,1
DA:62,2
DA:65,0
DA:68,1
DA:69,3
DA:73,2
DA:74,3
DA:76,1
DA:81,0
DA:82,0
DA:83,0
DA:84,0
DA:86,0
DA:92,1
DA:94,3
DA:97,1
DA:102,2
DA:106,3
DA:110,3
DA:111,4
LF:35
LH:27
end_of_record
SF:lib\features\products\presentation\providers\product_provider.dart
DA:10,3
DA:11,0
DA:17,1
DA:31,1
DA:40,1
DA:41,1
DA:42,1
DA:44,1
DA:45,1
DA:46,1
DA:53,2
DA:57,1
DA:59,3
DA:65,2
DA:66,3
DA:69,0
DA:71,0
DA:77,0
DA:78,0
DA:81,1
DA:83,2
DA:84,2
DA:86,3
DA:88,3
DA:94,1
DA:96,2
DA:97,2
DA:98,2
DA:101,3
DA:105,3
DA:106,4
LF:31
LH:26
end_of_record
SF:lib\features\products\presentation\screens\product_detail_screen.dart
DA:12,1
DA:23,1
DA:24,1
DA:33,2
DA:35,1
DA:37,1
DA:38,3
DA:39,1
DA:41,1
DA:42,2
DA:43,3
DA:45,3
DA:46,1
DA:47,2
DA:48,3
DA:50,3
DA:53,1
DA:55,1
DA:58,1
DA:59,2
DA:65,4
DA:73,4
DA:74,1
DA:78,2
DA:79,1
DA:80,1
DA:81,1
DA:82,2
DA:84,2
DA:85,1
DA:86,1
DA:87,2
DA:89,2
DA:96,1
DA:98,1
DA:99,2
DA:100,1
DA:101,2
DA:102,1
DA:103,0
DA:105,1
DA:107,1
DA:109,1
DA:112,1
DA:113,0
DA:114,1
DA:118,4
DA:122,1
DA:123,1
DA:124,1
DA:125,1
DA:127,1
DA:129,1
DA:130,1
DA:131,1
DA:132,1
DA:133,1
DA:135,0
DA:151,1
DA:152,1
DA:153,2
DA:154,1
DA:156,1
DA:157,1
DA:160,1
DA:162,3
DA:164,1
DA:175,1
DA:176,1
DA:183,1
DA:184,1
DA:186,1
DA:187,1
DA:189,1
DA:190,1
DA:191,1
DA:192,1
DA:193,3
DA:194,1
DA:197,1
DA:198,1
DA:200,1
DA:206,1
DA:207,1
DA:208,1
DA:210,0
DA:211,0
DA:212,0
DA:216,1
DA:220,1
DA:221,2
DA:227,1
DA:229,0
DA:237,1
DA:261,3
DA:263,1
DA:265,3
DA:268,1
DA:271,1
DA:272,1
DA:273,1
DA:274,1
DA:275,0
DA:276,0
DA:277,1
DA:279,1
DA:280,1
DA:283,1
DA:284,2
DA:288,2
DA:289,1
DA:299,3
DA:301,1
DA:303,3
DA:306,1
DA:309,1
DA:310,1
DA:311,1
DA:312,1
DA:313,2
DA:314,0
DA:315,0
DA:320,1
DA:321,1
DA:323,3
DA:325,1
DA:326,1
DA:327,1
DA:333,1
DA:334,1
DA:335,2
DA:352,0
DA:354,0
DA:355,0
DA:356,0
DA:357,0
DA:358,0
DA:363,0
DA:364,0
DA:365,0
DA:366,0
DA:372,1
DA:373,1
DA:374,1
DA:375,2
DA:376,1
DA:378,1
DA:379,3
DA:383,1
DA:388,1
DA:390,1
DA:391,1
DA:392,1
DA:393,1
DA:396,1
DA:398,1
DA:400,2
DA:407,1
DA:412,1
DA:414,1
DA:415,1
DA:416,1
DA:417,1
DA:420,1
DA:422,1
DA:424,2
LF:166
LH:145
end_of_record
SF:lib\features\products\presentation\screens\product_list_screen.dart
DA:17,1
DA:52,1
DA:53,1
DA:65,1
DA:67,1
DA:68,4
DA:69,1
DA:72,0
DA:74,0
DA:75,0
DA:76,0
DA:77,0
DA:78,0
DA:83,1
DA:85,2
DA:86,2
DA:87,2
DA:88,2
DA:89,1
DA:92,1
DA:94,1
DA:95,2
DA:96,0
DA:99,0
DA:100,0
DA:103,0
DA:104,0
DA:112,1
DA:113,4
DA:114,1
DA:115,3
DA:116,1
DA:117,2
DA:121,0
DA:122,0
DA:123,0
DA:142,1
DA:145,2
DA:146,6
DA:147,1
DA:148,2
DA:149,1
DA:150,1
DA:152,1
DA:155,1
DA:156,4
DA:158,1
DA:160,1
DA:161,1
DA:162,1
DA:168,1
DA:170,1
DA:171,1
DA:172,1
DA:173,1
DA:174,2
DA:175,1
DA:178,1
DA:180,1
DA:189,1
DA:190,1
DA:192,1
DA:193,1
DA:194,1
DA:202,1
DA:203,1
DA:212,1
DA:214,1
DA:217,1
DA:220,1
DA:222,2
DA:228,1
DA:233,1
DA:235,1
DA:237,1
DA:238,1
DA:243,1
DA:244,1
DA:245,1
DA:246,2
DA:258,1
DA:260,1
DA:261,1
DA:262,0
DA:263,0
DA:264,1
DA:265,1
DA:266,1
DA:267,3
DA:269,1
DA:270,6
DA:271,1
DA:272,1
DA:275,1
DA:277,1
DA:279,1
DA:280,1
DA:281,1
DA:282,1
DA:285,1
DA:286,1
DA:287,1
DA:298,1
DA:299,1
DA:309,1
DA:311,1
DA:312,1
DA:313,1
DA:323,1
DA:324,1
DA:326,1
DA:327,1
DA:328,2
DA:330,3
DA:335,1
DA:336,1
DA:338,1
DA:340,1
DA:341,1
DA:342,1
DA:347,1
DA:348,1
DA:351,1
DA:352,1
DA:356,2
DA:359,1
DA:361,1
DA:362,1
DA:364,2
DA:365,1
DA:370,3
DA:371,2
DA:372,1
DA:373,2
DA:377,2
DA:383,1
DA:385,1
DA:387,1
DA:389,1
DA:390,1
DA:391,1
DA:395,1
DA:396,2
DA:402,2
DA:403,4
DA:407,4
DA:408,1
DA:409,3
DA:410,2
DA:412,1
DA:413,4
DA:419,4
DA:420,5
DA:423,1
DA:424,4
DA:427,1
DA:429,1
DA:430,1
DA:431,1
DA:433,3
DA:438,1
DA:439,2
DA:444,1
DA:445,1
DA:448,3
DA:449,1
DA:455,1
DA:456,3
DA:457,1
DA:458,1
DA:459,0
DA:460,1
DA:461,1
DA:463,1
DA:472,1
DA:474,1
DA:476,1
DA:477,1
DA:478,1
DA:479,1
DA:480,1
DA:481,2
DA:482,1
DA:483,1
DA:485,1
DA:486,1
DA:487,1
DA:488,1
DA:489,1
DA:490,1
DA:499,1
DA:502,1
DA:505,1
DA:506,1
DA:509,1
DA:522,1
DA:523,1
DA:526,3
DA:529,1
DA:530,1
DA:539,1
DA:540,1
DA:541,1
DA:542,1
DA:543,2
DA:570,1
DA:581,1
DA:583,1
DA:585,1
DA:586,1
DA:587,1
DA:588,1
DA:589,1
DA:592,1
DA:594,1
DA:596,2
DA:599,1
DA:600,1
DA:603,1
DA:618,1
DA:623,1
DA:625,1
DA:627,1
DA:628,1
DA:629,1
DA:630,1
DA:635,1
DA:636,1
DA:638,1
DA:639,1
DA:648,1
DA:652,1
DA:654,1
DA:655,1
DA:656,1
DA:657,1
DA:658,1
DA:666,1
LF:238
LH:221
end_of_record
